[INFO ] 2022-06-10 19:27:08.246 [main] AddressControllerTest - Starting AddressControllerTest using Java 11.0.14 on DESKTOP-HLI5VSG with PID 7992 (started by maxit in C:\Users\maxit\Documents\openclassrooms projects\5 - Créez votre première application web avec Spring Boot\1 - code\alert)
[DEBUG] 2022-06-10 19:27:08.992 [main] AddressControllerTest - Running with Spring Boot v2.6.8, Spring v5.3.20
[INFO ] 2022-06-10 19:27:08.994 [main] AddressControllerTest - No active profile set, falling back to 1 default profile: "default"
[INFO ] 2022-06-10 19:27:26.923 [main] AddressControllerTest - Started AddressControllerTest in 20.356 seconds (JVM running for 55.851)
[INFO ] 2022-06-10 19:27:28.642 [main] AddressController - Deleting address 1509 Culver
[ERROR] 2022-06-10 19:27:28.652 [main] ControllerExceptionHandler - NoSuchElement exception msg:Address  doesn't exist !
[INFO ] 2022-06-10 19:27:28.872 [main] AddressController - Deleting address 748 Townings Dr
[INFO ] 2022-06-10 19:27:28.873 [main] AddressController - Delete address request success 748 Townings Dr
[INFO ] 2022-06-10 19:27:28.965 [main] AddressController - Creating address with address 22 rue des oliviers
[INFO ] 2022-06-10 19:27:28.966 [main] AddressController - Save address request success. Address saved with address 22 rue des oliviers
[INFO ] 2022-06-10 19:27:29.325 [main] AddressController - Getting address list
[INFO ] 2022-06-10 19:27:29.483 [main] AddressController - Creating address with address 1509 Culver St
[ERROR] 2022-06-10 19:27:29.485 [main] ControllerExceptionHandler - BadRequest exception msg:Address already exit!
[INFO ] 2022-06-10 19:27:29.600 [main] AddressController - Updating address with address 7 rue lucien deneau
[ERROR] 2022-06-10 19:27:29.605 [main] ControllerExceptionHandler - NoSuchElement exception msg:Address  doesn't exist !
[INFO ] 2022-06-10 19:27:29.670 [main] AddressController - Updating address with address 1509 Culver St
[INFO ] 2022-06-10 19:27:29.670 [main] AddressController - Update address request success. Address updated with address 1509 Culver St
[INFO ] 2022-06-10 19:27:29.800 [main] AddressFireStationController - Getting address list
[INFO ] 2022-06-10 19:27:29.804 [main] AddressFireStationController - Get AddressFireStation request success. AddressFireStation found with data [AddressFireStationDto(address=1509 Culver St, station=3), AddressFireStationDto(address=29 15th St, station=2), AddressFireStationDto(address=834 Binoc Ave, station=3), AddressFireStationDto(address=644 Gershwin Cir, station=1), AddressFireStationDto(address=748 Townings Dr, station=3), AddressFireStationDto(address=112 Steppes Pl, station=3), AddressFireStationDto(address=489 Manchester St, station=4), AddressFireStationDto(address=892 Downing Ct, station=2), AddressFireStationDto(address=908 73rd St, station=1), AddressFireStationDto(address=112 Steppes Pl, station=4), AddressFireStationDto(address=947 E. Rose Dr, station=1), AddressFireStationDto(address=748 Townings Dr, station=3), AddressFireStationDto(address=951 LoneTree Rd, station=2)]
[INFO ] 2022-06-10 19:27:29.907 [main] AddressFireStationController - Deleting addressFireStation AddressFireStationDto(address=908 73rd St, station=3)
[INFO ] 2022-06-10 19:27:29.909 [main] AddressFireStationController - Delete addressFireStation request success AddressFireStationDto(address=908 73rd St, station=3)
[INFO ] 2022-06-10 19:27:30.005 [main] AddressFireStationController - Deleting addressFireStation AddressFireStationDto(address=748 Townings, station=2)
[INFO ] 2022-06-10 19:27:30.005 [main] AddressFireStationController - Delete addressFireStation request success AddressFireStationDto(address=748 Townings, station=2)
[INFO ] 2022-06-10 19:27:30.071 [main] AddressFireStationController - Deleting addressFireStation AddressFireStationDto(address=489 Manchester St, station=9)
[INFO ] 2022-06-10 19:27:30.072 [main] AddressFireStationController - Delete addressFireStation request success AddressFireStationDto(address=489 Manchester St, station=9)
[INFO ] 2022-06-10 19:27:30.191 [main] AddressFireStationController - Saving addressFireStation with addressFireStation AddressFireStationDto(address=12 rue des oliviers, station=1)
[ERROR] 2022-06-10 19:27:30.194 [main] ControllerExceptionHandler - NoSuchElement exception msg:Address  doesn't exist !
[INFO ] 2022-06-10 19:27:30.278 [main] AddressFireStationController - Updating addressFireStation with addressFireStation AddressFireStationDto(address=748 Townings Dr, station=7)
[ERROR] 2022-06-10 19:27:30.279 [main] ControllerExceptionHandler - NoSuchElement exception msg:Mapping address/station doesn't exist !
[INFO ] 2022-06-10 19:27:30.374 [main] AddressFireStationController - Saving addressFireStation with addressFireStation AddressFireStationDto(address=112 Steppes Pl, station=1)
[INFO ] 2022-06-10 19:27:30.375 [main] AddressFireStationController - Save addressFireStation request success. Saved with addressFireStation AddressFireStationDto(address=112 Steppes Pl, station=1)
[INFO ] 2022-06-10 19:27:30.464 [main] AddressFireStationController - Updating addressFireStation with addressFireStation AddressFireStationDto(address=748 Townings , station=4)
[ERROR] 2022-06-10 19:27:30.465 [main] ControllerExceptionHandler - NoSuchElement exception msg:Mapping address/station doesn't exist !
[INFO ] 2022-06-10 19:27:30.539 [main] AddressFireStationController - Deleting addressFireStation AddressFireStationDto(address=748 Townings , station=9)
[ERROR] 2022-06-10 19:27:30.541 [main] ControllerExceptionHandler - NoSuchElement exception msg:station or address or both doesn't exit
[INFO ] 2022-06-10 19:27:30.631 [main] AddressFireStationController - Updating addressFireStation with addressFireStation AddressFireStationDto(address=644 Gershwin Cir, station=1)
[INFO ] 2022-06-10 19:27:30.631 [main] AddressFireStationController - Update addressFireStation request success. addressFireStation updated with AddressFireStationDto(address=644 Gershwin Cir, station=1)
[INFO ] 2022-06-10 19:27:30.730 [main] AddressFireStationController - Saving addressFireStation with addressFireStation AddressFireStationDto(address=947 E. Rose Dr, station=1)
[ERROR] 2022-06-10 19:27:30.733 [main] ControllerExceptionHandler - BadRequest exception msg:Mapping address/station already exist !
[INFO ] 2022-06-10 19:27:30.968 [main] AddressFireStationController - Saving addressFireStation with addressFireStation AddressFireStationDto(address=748 Townings Dr, station=6)
[ERROR] 2022-06-10 19:27:30.969 [main] ControllerExceptionHandler - NoSuchElement exception msg:Address  doesn't exist !
[INFO ] 2022-06-10 19:27:31.125 [main] AddressFireStationController - Updating fireStation with fireStation FireStation(station=4)
[INFO ] 2022-06-10 19:27:31.126 [main] AddressFireStationController - Update fireStation request success. fireStation updated with FireStation(station=4)
[INFO ] 2022-06-10 19:27:31.199 [main] AddressFireStationController - Deleting addressFireStation FireStation(station=1)
[INFO ] 2022-06-10 19:27:31.199 [main] AddressFireStationController - Delete fireStation request success FireStation(station=1)
[INFO ] 2022-06-10 19:27:31.241 [main] AddressFireStationController - Deleting addressFireStation FireStation(station=6)
[ERROR] 2022-06-10 19:27:31.243 [main] ControllerExceptionHandler - NoSuchElement exception msg:FireStation doesn't exist!
[INFO ] 2022-06-10 19:27:31.286 [main] AddressFireStationController - Getting address list
[INFO ] 2022-06-10 19:27:31.286 [main] AddressFireStationController - Get fireStations request success. fireStations found with data [FireStation(station=3), FireStation(station=2), FireStation(station=4)]
[INFO ] 2022-06-10 19:27:31.426 [main] AddressFireStationController - Saving fireStation with fireStation FireStation(station=5)
[INFO ] 2022-06-10 19:27:31.427 [main] AddressFireStationController - Save fireStation request success. Saved with fireStation FireStation(station=5)
[INFO ] 2022-06-10 19:27:31.506 [main] AddressFireStationController - Saving fireStation with fireStation FireStation(station=4)
[ERROR] 2022-06-10 19:27:31.507 [main] ControllerExceptionHandler - BadRequest exception msg:FireStation already exist!
[INFO ] 2022-06-10 19:27:31.598 [main] AddressFireStationController - Updating fireStation with fireStation FireStation(station=7)
[ERROR] 2022-06-10 19:27:31.599 [main] ControllerExceptionHandler - NoSuchElement exception msg:FireStation doesn't exist!
[INFO ] 2022-06-10 19:27:31.723 [main] AddressFireStationController - Getting child list for address 1509 Culver St
[INFO ] 2022-06-10 19:27:31.730 [main] AddressFireStationController - getChildList request success. list found for address 1509 Culver St
[INFO ] 2022-06-10 19:27:31.944 [main] AddressFireStationController - Getting person fire address list for address 1509 Culver St
[INFO ] 2022-06-10 19:27:31.946 [main] AddressFireStationController - getPersonFireAddressList request success. list found for address 1509 Culver St
[INFO ] 2022-06-10 19:27:32.052 [main] AddressFireStationController - Getting person info list  for Eric, Cadigan
[INFO ] 2022-06-10 19:27:32.054 [main] AddressFireStationController - getPersonInfoList request success. list found for firstname Eric, lastname Cadigan
[INFO ] 2022-06-10 19:27:32.217 [main] AddressFireStationController - Getting community email list  for city Mainvilliers
[INFO ] 2022-06-10 19:27:32.217 [main] AddressFireStationController - getCommunityEmailList request success. list found for city Mainvilliers
[INFO ] 2022-06-10 19:27:32.299 [main] AddressFireStationController - Getting person info list  for Cartman, Eric
[INFO ] 2022-06-10 19:27:32.300 [main] AddressFireStationController - getPersonInfoList request success. list found for firstname Cartman, lastname Eric
[INFO ] 2022-06-10 19:27:32.381 [main] AddressFireStationController - Getting person station list by address for station number 2
[INFO ] 2022-06-10 19:27:32.382 [main] AddressFireStationController - getPersonStationList request success. list found for station number 2
[INFO ] 2022-06-10 19:27:32.453 [main] AddressFireStationController - Getting child list for address 644 Gershwin Cir
[INFO ] 2022-06-10 19:27:32.454 [main] AddressFireStationController - getChildList request success. list found for address 644 Gershwin Cir
[INFO ] 2022-06-10 19:27:32.507 [main] AddressFireStationController - Getting person flood station list for station [4, 2]
[INFO ] 2022-06-10 19:27:32.529 [main] AddressFireStationController - getPersonFloodStationList request success. list found for stations [4, 2]
[INFO ] 2022-06-10 19:27:32.624 [main] AddressFireStationController - Getting community email list  for city Culver
[INFO ] 2022-06-10 19:27:32.625 [main] AddressFireStationController - getCommunityEmailList request success. list found for city Culver
[INFO ] 2022-06-10 19:27:32.916 [main] AddressFireStationController - Updating MedicalRecord with MedicalRecord MedicalRecordsDto(firstName=Eric, lastName=Cadigan, birthdate=08/06/1945, allergies=[alpine:800mg], medications=[gluten], person=null)
[INFO ] 2022-06-10 19:27:32.917 [main] AddressFireStationController - Update MedicalRecords request success. MedicalRecords updated with MedicalRecords(firstName=Eric, lastName=Cadigan, birthdate=08/06/1945, allergies=[alpine:800mg], medications=[gluten])
[INFO ] 2022-06-10 19:27:33.039 [main] AddressFireStationController - Saving MedicalRecords with MedicalRecords MedicalRecordsDto(firstName=Charly, lastName=Chaplin, birthdate=08/06/1945, allergies=[tradoxidine:400mg], medications=[], person=null)
[ERROR] 2022-06-10 19:27:33.042 [main] ControllerExceptionHandler - NoSuchElement exception msg:Person doesn't exist !
[INFO ] 2022-06-10 19:27:33.231 [main] AddressFireStationController - Saving Person with Person PersonDto(firstName=Cartman, lastName=Eric, address=112 Steppes Pl, phone=0758951895, city=Culver, zip=97451, email=ericmaximan@gmail.com)
[INFO ] 2022-06-10 19:27:33.232 [main] AddressFireStationController - savePerson request success. Saved with person PersonDto(firstName=Cartman, lastName=Eric, address=112 Steppes Pl, phone=0758951895, city=Culver, zip=97451, email=ericmaximan@gmail.com)
[INFO ] 2022-06-10 19:27:33.251 [main] AddressFireStationController - Saving MedicalRecords with MedicalRecords MedicalRecordsDto(firstName=Cartman, lastName=Eric, birthdate=23/02/1981, allergies=[tetramine:280], medications=[gluten], person=null)
[INFO ] 2022-06-10 19:27:33.252 [main] AddressFireStationController - saveMedicalRecord request success. Saved with MedicalRecord MedicalRecords(firstName=Cartman, lastName=Eric, birthdate=23/02/1981, allergies=[tetramine:280], medications=[gluten])
[INFO ] 2022-06-10 19:27:33.320 [main] AddressFireStationController - Getting medicalRecords list
[INFO ] 2022-06-10 19:27:33.320 [main] AddressFireStationController - getMedicalRecords request success. MedicalRecords found with data [MedicalRecords(firstName=John, lastName=Boyd, birthdate=03/06/1984, allergies=[nillacilan], medications=[aznol:350mg, hydrapermazol:100mg]), MedicalRecords(firstName=Jacob, lastName=Boyd, birthdate=03/06/1989, allergies=[], medications=[pharmacol:5000mg, terazine:10mg, noznazol:250mg]), MedicalRecords(firstName=Tenley, lastName=Boyd, birthdate=02/18/2012, allergies=[peanut], medications=[]), MedicalRecords(firstName=Roger, lastName=Boyd, birthdate=09/06/2017, allergies=[], medications=[]), MedicalRecords(firstName=Felicia, lastName=Boyd, birthdate=01/08/1986, allergies=[xilliathal], medications=[tetracyclaz:650mg]), MedicalRecords(firstName=Jonanathan, lastName=Marrack, birthdate=01/03/1989, allergies=[], medications=[]), MedicalRecords(firstName=Tessa, lastName=Carman, birthdate=02/18/2012, allergies=[], medications=[]), MedicalRecords(firstName=Peter, lastName=Duncan, birthdate=09/06/2000, allergies=[shellfish], medications=[]), MedicalRecords(firstName=Foster, lastName=Shepard, birthdate=01/08/1980, allergies=[], medications=[]), MedicalRecords(firstName=Tony, lastName=Cooper, birthdate=03/06/1994, allergies=[shellfish], medications=[hydrapermazol:300mg, dodoxadin:30mg]), MedicalRecords(firstName=Lily, lastName=Cooper, birthdate=03/06/1994, allergies=[], medications=[]), MedicalRecords(firstName=Sophia, lastName=Zemicks, birthdate=03/06/1988, allergies=[peanut, shellfish, aznol], medications=[aznol:60mg, hydrapermazol:900mg, pharmacol:5000mg, terazine:500mg]), MedicalRecords(firstName=Warren, lastName=Zemicks, birthdate=03/06/1985, allergies=[], medications=[]), MedicalRecords(firstName=Zach, lastName=Zemicks, birthdate=03/06/2017, allergies=[], medications=[]), MedicalRecords(firstName=Reginold, lastName=Walker, birthdate=08/30/1979, allergies=[illisoxian], medications=[thradox:700mg]), MedicalRecords(firstName=Jamie, lastName=Peters, birthdate=03/06/1982, allergies=[], medications=[]), MedicalRecords(firstName=Ron, lastName=Peters, birthdate=04/06/1965, allergies=[], medications=[]), MedicalRecords(firstName=Allison, lastName=Boyd, birthdate=03/15/1965, allergies=[nillacilan], medications=[aznol:200mg]), MedicalRecords(firstName=Brian, lastName=Stelzer, birthdate=12/06/1975, allergies=[nillacilan], medications=[ibupurin:200mg, hydrapermazol:400mg]), MedicalRecords(firstName=Shawna, lastName=Stelzer, birthdate=07/08/1980, allergies=[], medications=[]), MedicalRecords(firstName=Kendrik, lastName=Stelzer, birthdate=03/06/2014, allergies=[], medications=[noxidian:100mg, pharmacol:2500mg]), MedicalRecords(firstName=Clive, lastName=Ferguson, birthdate=03/06/1994, allergies=[], medications=[]), MedicalRecords(firstName=Eric, lastName=Cadigan, birthdate=08/06/1945, allergies=[alpine:800mg], medications=[gluten]), MedicalRecords(firstName=Cartman, lastName=Eric, birthdate=23/02/1981, allergies=[tetramine:280], medications=[gluten])]
[INFO ] 2022-06-10 19:27:33.387 [main] AddressFireStationController - Saving MedicalRecords with MedicalRecords MedicalRecordsDto(firstName=Eric, lastName=Cadigan, birthdate=08/06/1945, allergies=[tradoxidine:400mg], medications=[], person=null)
[ERROR] 2022-06-10 19:27:33.388 [main] ControllerExceptionHandler - BadRequest exception msg:Medical record already exist !
[INFO ] 2022-06-10 19:27:33.484 [main] AddressFireStationController - Updating MedicalRecord with MedicalRecord MedicalRecordsDto(firstName=Charly, lastName=Chaplin, birthdate=08/06/1945, allergies=[tradoxidine:400mg], medications=[], person=null)
[ERROR] 2022-06-10 19:27:33.486 [main] ControllerExceptionHandler - NoSuchElement exception msg:Medical record doesn't exist!
[INFO ] 2022-06-10 19:27:33.542 [main] AddressFireStationController - Deleting MedicalRecord MedicalRecordsDto(firstName=Charly, lastName=Chaplin, birthdate=08/06/1945, allergies=[tradoxidine:400mg], medications=[], person=null)
[ERROR] 2022-06-10 19:27:33.544 [main] ControllerExceptionHandler - NoSuchElement exception msg:Medical record doesn't exist !
[INFO ] 2022-06-10 19:27:33.643 [main] AddressFireStationController - Deleting MedicalRecord MedicalRecordsDto(firstName=Eric, lastName=Cadigan, birthdate=08/06/1945, allergies=[alpine:800mg], medications=[gluten], person=null)
[INFO ] 2022-06-10 19:27:33.644 [main] AddressFireStationController - Delete fireStation request success MedicalRecordsDto(firstName=Eric, lastName=Cadigan, birthdate=08/06/1945, allergies=[alpine:800mg], medications=[gluten], person=null)
[INFO ] 2022-06-10 19:27:33.884 [main] AddressFireStationController - Deleting person PersonDto(firstName=Eric, lastName=Man, address=7 rue lucien deneau, phone=0758951895, city=Mainvilliers, zip=28300, email=cartmanien@email.com)
[ERROR] 2022-06-10 19:27:33.885 [main] ControllerExceptionHandler - NoSuchElement exception msg:Person doesn't exist !
[INFO ] 2022-06-10 19:27:33.976 [main] AddressFireStationController - Deleting person PersonDto(firstName=Lily, lastName=Cooper, address=489 Manchester St, phone=841-874-6512, city=Culver, zip=97451, email=lily@email.com)
[INFO ] 2022-06-10 19:27:33.977 [main] AddressFireStationController - deletePerson request success PersonDto(firstName=Lily, lastName=Cooper, address=489 Manchester St, phone=841-874-6512, city=Culver, zip=97451, email=lily@email.com)
[INFO ] 2022-06-10 19:27:34.017 [main] AddressFireStationController - Saving Person with Person PersonDto(firstName=John, lastName=Boyd, address=7 rue lucien deneau, phone=0758951895, city=Mainvilliers, zip=28300, email=jaboyd@email.com)
[ERROR] 2022-06-10 19:27:34.037 [main] ControllerExceptionHandler - NoSuchElement exception msg:Address doesn't exit!
[INFO ] 2022-06-10 19:27:34.103 [main] AddressFireStationController - Saving Person with Person PersonDto(firstName=Cartman, lastName=Eric, address=112 Steppes Pl, phone=0758951895, city=Culver, zip=97451, email=ericmaximan@gmail.com)
[INFO ] 2022-06-10 19:27:34.104 [main] AddressFireStationController - savePerson request success. Saved with person PersonDto(firstName=Cartman, lastName=Eric, address=112 Steppes Pl, phone=0758951895, city=Culver, zip=97451, email=ericmaximan@gmail.com)
[INFO ] 2022-06-10 19:27:34.173 [main] AddressFireStationController - Updating Person with Person PersonDto(firstName=John, lastName=Boyd, address=12 rue des pommiers, phone=0758951895, city=Mainvilliers, zip=28300, email=jaboyd@email.com)
[ERROR] 2022-06-10 19:27:34.175 [main] ControllerExceptionHandler - NoSuchElement exception msg:Address doesn't exit !
[INFO ] 2022-06-10 19:27:34.230 [main] AddressFireStationController - Updating Person with Person PersonDto(firstName=John, lastName=Boyd, address=1509 Culver St, phone=0758951895, city=Culver, zip=97451, email=addresschange@gmail.com)
[INFO ] 2022-06-10 19:27:34.230 [main] AddressFireStationController - updatePerson request success. Person updated with PersonDto(firstName=John, lastName=Boyd, address=1509 Culver St, phone=0758951895, city=Culver, zip=97451, email=addresschange@gmail.com)
[INFO ] 2022-06-10 19:27:34.320 [main] AddressFireStationController - Updating Person with Person PersonDto(firstName=Eric, lastName=Maximan, address=7 rue lucien deneau, phone=0758951895, city=Mainvilliers, zip=28300, email=cartmanien@email.com)
[ERROR] 2022-06-10 19:27:34.323 [main] ControllerExceptionHandler - NoSuchElement exception msg:Person doesn't exist !
[INFO ] 2022-06-10 19:27:34.381 [main] AddressFireStationController - Getting PersonDto list
[INFO ] 2022-06-10 19:27:34.382 [main] AddressFireStationController - getPerson request success. Person found with data [PersonDto(firstName=John, lastName=Boyd, address=1509 Culver St, phone=0758951895, city=Culver, zip=97451, email=addresschange@gmail.com), PersonDto(firstName=Jacob, lastName=Boyd, address=1509 Culver St, phone=841-874-6513, city=Culver, zip=97451, email=drk@email.com), PersonDto(firstName=Tenley, lastName=Boyd, address=1509 Culver St, phone=841-874-6512, city=Culver, zip=97451, email=tenz@email.com), PersonDto(firstName=Roger, lastName=Boyd, address=1509 Culver St, phone=841-874-6512, city=Culver, zip=97451, email=jaboyd@email.com), PersonDto(firstName=Felicia, lastName=Boyd, address=1509 Culver St, phone=841-874-6544, city=Culver, zip=97451, email=jaboyd@email.com), PersonDto(firstName=Jonanathan, lastName=Marrack, address=29 15th St, phone=841-874-6513, city=Culver, zip=97451, email=drk@email.com), PersonDto(firstName=Tessa, lastName=Carman, address=834 Binoc Ave, phone=841-874-6512, city=Culver, zip=97451, email=tenz@email.com), PersonDto(firstName=Peter, lastName=Duncan, address=644 Gershwin Cir, phone=841-874-6512, city=Culver, zip=97451, email=jaboyd@email.com), PersonDto(firstName=Foster, lastName=Shepard, address=748 Townings Dr, phone=841-874-6544, city=Culver, zip=97451, email=jaboyd@email.com), PersonDto(firstName=Tony, lastName=Cooper, address=112 Steppes Pl, phone=841-874-6874, city=Culver, zip=97451, email=tcoop@ymail.com), PersonDto(firstName=Lily, lastName=Cooper, address=489 Manchester St, phone=841-874-9845, city=Culver, zip=97451, email=lily@email.com), PersonDto(firstName=Sophia, lastName=Zemicks, address=892 Downing Ct, phone=841-874-7878, city=Culver, zip=97451, email=soph@email.com), PersonDto(firstName=Warren, lastName=Zemicks, address=892 Downing Ct, phone=841-874-7512, city=Culver, zip=97451, email=ward@email.com), PersonDto(firstName=Zach, lastName=Zemicks, address=892 Downing Ct, phone=841-874-7512, city=Culver, zip=97451, email=zarc@email.com), PersonDto(firstName=Reginold, lastName=Walker, address=908 73rd St, phone=841-874-8547, city=Culver, zip=97451, email=reg@email.com), PersonDto(firstName=Jamie, lastName=Peters, address=908 73rd St, phone=841-874-7462, city=Culver, zip=97451, email=jpeter@email.com), PersonDto(firstName=Ron, lastName=Peters, address=112 Steppes Pl, phone=841-874-8888, city=Culver, zip=97451, email=jpeter@email.com), PersonDto(firstName=Allison, lastName=Boyd, address=112 Steppes Pl, phone=841-874-9888, city=Culver, zip=97451, email=aly@imail.com), PersonDto(firstName=Brian, lastName=Stelzer, address=947 E. Rose Dr, phone=841-874-7784, city=Culver, zip=97451, email=bstel@email.com), PersonDto(firstName=Shawna, lastName=Stelzer, address=947 E. Rose Dr, phone=841-874-7784, city=Culver, zip=97451, email=ssanw@email.com), PersonDto(firstName=Kendrik, lastName=Stelzer, address=947 E. Rose Dr, phone=841-874-7784, city=Culver, zip=97451, email=bstel@email.com), PersonDto(firstName=Clive, lastName=Ferguson, address=748 Townings Dr, phone=841-874-6741, city=Culver, zip=97451, email=clivfd@ymail.com), PersonDto(firstName=Eric, lastName=Cadigan, address=951 LoneTree Rd, phone=841-874-7458, city=Culver, zip=97451, email=gramps@email.com), PersonDto(firstName=Cartman, lastName=Eric, address=112 Steppes Pl, phone=0758951895, city=Culver, zip=97451, email=ericmaximan@gmail.com), PersonDto(firstName=Cartman, lastName=Eric, address=112 Steppes Pl, phone=0758951895, city=Culver, zip=97451, email=ericmaximan@gmail.com)]
